\BOOKMARK [0][-]{titulo.0}{P\341gina de T\355tulo}{}% 1
\BOOKMARK [0][-]{indices.0}{\315ndices}{}% 2
\BOOKMARK [1][-]{tabla de contenidos.1}{Tabla de contenidos}{indices.0}% 3
\BOOKMARK [1][-]{indice de figuras.1}{\315ndice de figuras}{indices.0}% 4
\BOOKMARK [1][-]{indice de tablas.1}{\315ndice de tablas}{indices.0}% 5
\BOOKMARK [0][-]{chapter.1}{Introducci\363n}{}% 6
\BOOKMARK [1][-]{section.1.1}{Motivaci\363n}{chapter.1}% 7
\BOOKMARK [1][-]{section.1.2}{Objetivos}{chapter.1}% 8
\BOOKMARK [1][-]{section.1.3}{Estructura del trabajo}{chapter.1}% 9
\BOOKMARK [0][-]{chapter.2}{Introduction}{}% 10
\BOOKMARK [0][-]{chapter.3}{Estado del arte}{}% 11
\BOOKMARK [1][-]{section.3.1}{Sistemas Aumentativos y Alternativos de Comunicaci\363n \(SAACs\)}{chapter.3}% 12
\BOOKMARK [2][-]{subsection.3.1.1}{Pictogramas}{section.3.1}% 13
\BOOKMARK [2][-]{subsection.3.1.2}{Uso de los pictogramas}{section.3.1}% 14
\BOOKMARK [2][-]{subsection.3.1.3}{Aplicaciones para generar material basado en pictogramas}{section.3.1}% 15
\BOOKMARK [0][-]{chapter.4}{Tecnologia empleada}{}% 16
\BOOKMARK [1][-]{section.4.1}{Introducci\363n a las tecnolog\355as empleadas en el proyecto}{chapter.4}% 17
\BOOKMARK [1][-]{section.4.2}{Firebase}{chapter.4}% 18
\BOOKMARK [1][-]{section.4.3}{Django}{chapter.4}% 19
\BOOKMARK [1][-]{section.4.4}{Trello}{chapter.4}% 20
\BOOKMARK [1][-]{section.4.5}{Doctest y Jenkins}{chapter.4}% 21
\BOOKMARK [1][-]{section.4.6}{SpaCy y PyStemmer}{chapter.4}% 22
\BOOKMARK [0][-]{chapter.5}{Cosas varias}{}% 23
\BOOKMARK [1][-]{section.5.1}{Interact.js}{chapter.5}% 24
\BOOKMARK [0][-]{appendix*.25}{Bibliograf\355a}{}% 25
\BOOKMARK [0][-]{fin.0}{Fin}{}% 26
