This is pdfTeX, Version 3.14159265-2.6-1.40.19 (MiKTeX 2.9.6840 64-bit) (preloaded format=pdflatex 2018.11.24)  24 MAY 2019 21:51
entering extended mode
**./Tesis.tex
(Tesis.tex
LaTeX2e <2018-04-01> patch level 5
("C:\Users\Carmen\AppData\Local\Programs\MiKTeX 2.9\tex\latex\base\book.cls"
Document Class: book 2014/09/29 v1.4h Standard LaTeX document class
("C:\Users\Carmen\AppData\Local\Programs\MiKTeX 2.9\tex\latex\base\bk11.clo"
File: bk11.clo 2014/09/29 v1.4h Standard LaTeX file (size option)
)
\c@part=\count80
\c@chapter=\count81
\c@section=\count82
\c@subsection=\count83
\c@subsubsection=\count84
\c@paragraph=\count85
\c@subparagraph=\count86
\c@figure=\count87
\c@table=\count88
\abovecaptionskip=\skip41
\belowcaptionskip=\skip42
\bibindent=\dimen102
)
\@input{config.aux}
\openout2 = `config.aux'.

(config.tex)
("C:\Users\Carmen\AppData\Local\Programs\MiKTeX 2.9\tex\latex\multirow\multirow
.sty"
Package: multirow 2018/08/03 v2.3 Span multiple rows of a table
\multirow@colwidth=\skip43
\multirow@cntb=\count89
\multirow@dima=\skip44
\bigstrutjot=\dimen103
) (TeXiS/TeXiS.sty
Package: TeXiS/TeXiS 

("C:\Users\Carmen\AppData\Local\Programs\MiKTeX 2.9\tex\latex\tools\verbatim.st
y"
Package: verbatim 2014/10/28 v1.5q LaTeX2e package for verbatim enhancements
\every@verbatim=\toks14
\verbatim@line=\toks15
\verbatim@in@stream=\read1
)
\example@out=\write3

\@input{TeXiS/TeXiS_pream.aux}
\openout2 = `TeXiS/TeXiS_pream.aux'.

(TeXiS/TeXiS_pream.tex
("C:\Users\Carmen\AppData\Local\Programs\MiKTeX 2.9\tex\latex\base\shortvrb.sty
"
Package: shortvrb 2018/02/01 v2.1h Standard LaTeX documentation package (FMi)
)
("C:\Users\Carmen\AppData\Local\Programs\MiKTeX 2.9\tex\latex\base\inputenc.sty
"
Package: inputenc 2018/04/06 v1.3b Input encoding file
\inpenc@prehook=\toks16
\inpenc@posthook=\toks17
 ("C:\Users\Carmen\AppData\Local\Programs\MiKTeX 2.9\tex\latex\base\latin1.def"
File: latin1.def 2018/04/06 v1.3b Input encoding file
))
("C:\Users\Carmen\AppData\Local\Programs\MiKTeX 2.9\tex\latex\natbib\natbib.sty
"
Package: natbib 2010/09/13 8.31b (PWD, AO)
\bibhang=\skip45
\bibsep=\skip46
LaTeX Info: Redefining \cite on input line 694.
\c@NAT@ctr=\count90
)
("C:\Users\Carmen\AppData\Local\Programs\MiKTeX 2.9\tex\generic\babel\babel.sty
"
Package: babel 2018/09/26 3.24 The Babel package

("C:\Users\Carmen\AppData\Local\Programs\MiKTeX 2.9\tex\generic\babel\switch.de
f"
File: switch.def 2018/09/26 3.24 Babel switching mechanism
)
*************************************
* Local config file bblopts.cfg used
*
("C:\Users\Carmen\AppData\Local\Programs\MiKTeX 2.9\tex\latex\arabi\bblopts.cfg
"
File: bblopts.cfg 2005/09/08 v0.1 add Arabic and Farsi to "declared" options of
 babel
)
("C:\Users\Carmen\AppData\Local\Programs\MiKTeX 2.9\tex\latex\babel-spanish\spa
nish.ldf"
Language: spanish.ldf 2016/03/03 v5.0p Spanish support from the babel system

("C:\Users\Carmen\AppData\Local\Programs\MiKTeX 2.9\tex\generic\babel\babel.def
"
File: babel.def 2018/09/26 3.24 Babel common definitions
\babel@savecnt=\count91
\U@D=\dimen104

("C:\Users\Carmen\AppData\Local\Programs\MiKTeX 2.9\tex\generic\babel\txtbabel.
def")
\bbl@dirlevel=\count92
)
\es@quottoks=\toks18
\es@quotdepth=\count93
Package babel Info: Making " an active character on input line 561.
Package babel Info: Making . an active character on input line 662.
Package babel Info: Making < an active character on input line 707.
Package babel Info: Making > an active character on input line 707.
Package babel Info: Making ' an active character on input line 725.
))
("C:\Users\Carmen\AppData\Local\Programs\MiKTeX 2.9\tex\latex\url\url.sty"
\Urlmuskip=\muskip10
Package: url 2013/09/16  ver 3.4  Verb mode for urls, etc.
)
("C:\Users\Carmen\AppData\Local\Programs\MiKTeX 2.9\tex\generic\oberdiek\ifpdf.
sty"
Package: ifpdf 2018/09/07 v3.3 Provides the ifpdf switch
)
("C:\Users\Carmen\AppData\Local\Programs\MiKTeX 2.9\tex\latex\hyperref\hyperref
.sty"
Package: hyperref 2018/09/30 v6.88a Hypertext links for LaTeX

("C:\Users\Carmen\AppData\Local\Programs\MiKTeX 2.9\tex\generic\oberdiek\hobsub
-hyperref.sty"
Package: hobsub-hyperref 2016/05/16 v1.14 Bundle oberdiek, subset hyperref (HO)


("C:\Users\Carmen\AppData\Local\Programs\MiKTeX 2.9\tex\generic\oberdiek\hobsub
-generic.sty"
Package: hobsub-generic 2016/05/16 v1.14 Bundle oberdiek, subset generic (HO)
Package: hobsub 2016/05/16 v1.14 Construct package bundles (HO)
Package: infwarerr 2016/05/16 v1.4 Providing info/warning/error messages (HO)
Package: ltxcmds 2016/05/16 v1.23 LaTeX kernel commands for general use (HO)
Package: ifluatex 2016/05/16 v1.4 Provides the ifluatex switch (HO)
Package ifluatex Info: LuaTeX not detected.
Package: ifvtex 2016/05/16 v1.6 Detect VTeX and its facilities (HO)
Package ifvtex Info: VTeX not detected.
Package: intcalc 2016/05/16 v1.2 Expandable calculations with integers (HO)
Package hobsub Info: Skipping package `ifpdf' (already loaded).
Package: etexcmds 2016/05/16 v1.6 Avoid name clashes with e-TeX commands (HO)
Package etexcmds Info: Could not find \expanded.
(etexcmds)             That can mean that you are not using pdfTeX 1.50 or
(etexcmds)             that some package has redefined \expanded.
(etexcmds)             In the latter case, load this package earlier.
Package: kvsetkeys 2016/05/16 v1.17 Key value parser (HO)
Package: kvdefinekeys 2016/05/16 v1.4 Define keys (HO)
Package: pdftexcmds 2018/09/10 v0.29 Utility functions of pdfTeX for LuaTeX (HO
)
Package pdftexcmds Info: LuaTeX not detected.
Package pdftexcmds Info: \pdf@primitive is available.
Package pdftexcmds Info: \pdf@ifprimitive is available.
Package pdftexcmds Info: \pdfdraftmode found.
Package: pdfescape 2016/05/16 v1.14 Implements pdfTeX's escape features (HO)
Package: bigintcalc 2016/05/16 v1.4 Expandable calculations on big integers (HO
)
Package: bitset 2016/05/16 v1.2 Handle bit-vector datatype (HO)
Package: uniquecounter 2016/05/16 v1.3 Provide unlimited unique counter (HO)
)
Package hobsub Info: Skipping package `hobsub' (already loaded).
Package: letltxmacro 2016/05/16 v1.5 Let assignment for LaTeX macros (HO)
Package: hopatch 2016/05/16 v1.3 Wrapper for package hooks (HO)
Package: xcolor-patch 2016/05/16 xcolor patch
Package: atveryend 2016/05/16 v1.9 Hooks at the very end of document (HO)
Package atveryend Info: \enddocument detected (standard20110627).
Package: atbegshi 2016/06/09 v1.18 At begin shipout hook (HO)
Package: refcount 2016/05/16 v3.5 Data extraction from label references (HO)
Package: hycolor 2016/05/16 v1.8 Color options for hyperref/bookmark (HO)
)
("C:\Users\Carmen\AppData\Local\Programs\MiKTeX 2.9\tex\latex\graphics\keyval.s
ty"
Package: keyval 2014/10/28 v1.15 key=value parser (DPC)
\KV@toks@=\toks19
)
("C:\Users\Carmen\AppData\Local\Programs\MiKTeX 2.9\tex\generic\ifxetex\ifxetex
.sty"
Package: ifxetex 2010/09/12 v0.6 Provides ifxetex conditional
)
("C:\Users\Carmen\AppData\Local\Programs\MiKTeX 2.9\tex\latex\oberdiek\auxhook.
sty"
Package: auxhook 2016/05/16 v1.4 Hooks for auxiliary files (HO)
)
("C:\Users\Carmen\AppData\Local\Programs\MiKTeX 2.9\tex\latex\oberdiek\kvoption
s.sty"
Package: kvoptions 2016/05/16 v3.12 Key value format for package options (HO)
)
\@linkdim=\dimen105
\Hy@linkcounter=\count94
\Hy@pagecounter=\count95

("C:\Users\Carmen\AppData\Local\Programs\MiKTeX 2.9\tex\latex\hyperref\pd1enc.d
ef"
File: pd1enc.def 2018/09/30 v6.88a Hyperref: PDFDocEncoding definition (HO)
Now handling font encoding PD1 ...
... no UTF-8 mapping file for font encoding PD1
)
\Hy@SavedSpaceFactor=\count96

("C:\Users\Carmen\AppData\Local\Programs\MiKTeX 2.9\tex\latex\00miktex\hyperref
.cfg"
File: hyperref.cfg 2002/06/06 v1.2 hyperref configuration of TeXLive
)

Package hyperref Warning: Invalid value `0'
(hyperref)                for option `pdfborder'.
(hyperref)                Option setting is ignored on input line 4409.

Package hyperref Info: Option `colorlinks' set `true' on input line 4409.
Package hyperref Info: Option `hyperindex' set `true' on input line 4409.
Package hyperref Info: Option `pdfpagelabels' set `true' on input line 4409.
Package hyperref Info: Hyper figures OFF on input line 4535.
Package hyperref Info: Link nesting OFF on input line 4540.
Package hyperref Info: Hyper index ON on input line 4543.
Package hyperref Info: Plain pages OFF on input line 4550.
Package hyperref Info: Backreferencing OFF on input line 4555.
Package hyperref Info: Implicit mode ON; LaTeX internals redefined.
Package hyperref Info: Bookmarks ON on input line 4788.
\c@Hy@tempcnt=\count97
LaTeX Info: Redefining \url on input line 5141.
\XeTeXLinkMargin=\dimen106
\Fld@menulength=\count98
\Field@Width=\dimen107
\Fld@charsize=\dimen108
Package hyperref Info: Hyper figures OFF on input line 6396.
Package hyperref Info: Link nesting OFF on input line 6401.
Package hyperref Info: Hyper index ON on input line 6404.
Package hyperref Info: backreferencing OFF on input line 6411.
Package hyperref Info: Link coloring ON on input line 6414.
Package hyperref Info: Link coloring with OCG OFF on input line 6421.
Package hyperref Info: PDF/A mode OFF on input line 6426.
LaTeX Info: Redefining \ref on input line 6466.
LaTeX Info: Redefining \pageref on input line 6470.
\Hy@abspage=\count99
\c@Item=\count100
\c@Hfootnote=\count101
)
Package hyperref Info: Driver (autodetected): hpdftex.

("C:\Users\Carmen\AppData\Local\Programs\MiKTeX 2.9\tex\latex\hyperref\hpdftex.
def"
File: hpdftex.def 2018/09/30 v6.88a Hyperref driver for pdfTeX
\Fld@listcount=\count102
\c@bookmark@seq@number=\count103

("C:\Users\Carmen\AppData\Local\Programs\MiKTeX 2.9\tex\latex\oberdiek\rerunfil
echeck.sty"
Package: rerunfilecheck 2016/05/16 v1.8 Rerun checks for auxiliary files (HO)
Package uniquecounter Info: New unique counter `rerunfilecheck' on input line 2
82.
)
\Hy@SectionHShift=\skip47
)
Package hyperref Info: Option `colorlinks' set `false' on input line 268.

("C:\Users\Carmen\AppData\Local\Programs\MiKTeX 2.9\tex\latex\base\makeidx.sty"
Package: makeidx 2014/09/29 v1.0m Standard LaTeX package
)
\@indexfile=\write4
\openout4 = `Tesis.idx'.


Writing index file Tesis.idx

("C:\Users\Carmen\AppData\Local\Programs\MiKTeX 2.9\tex\latex\tools\multicol.st
y"
Package: multicol 2018/04/20 v1.8s multicolumn formatting (FMi)
\c@tracingmulticols=\count104
\mult@box=\box26
\multicol@leftmargin=\dimen109
\c@unbalance=\count105
\c@collectmore=\count106
\doublecol@number=\count107
\multicoltolerance=\count108
\multicolpretolerance=\count109
\full@width=\dimen110
\page@free=\dimen111
\premulticols=\dimen112
\postmulticols=\dimen113
\multicolsep=\skip48
\multicolbaselineskip=\skip49
\partial@page=\box27
\last@line=\box28
\maxbalancingoverflow=\dimen114
\mult@rightbox=\box29
\mult@grightbox=\box30
\mult@gfirstbox=\box31
\mult@firstbox=\box32
\@tempa=\box33
\@tempa=\box34
\@tempa=\box35
\@tempa=\box36
\@tempa=\box37
\@tempa=\box38
\@tempa=\box39
\@tempa=\box40
\@tempa=\box41
\@tempa=\box42
\@tempa=\box43
\@tempa=\box44
\@tempa=\box45
\@tempa=\box46
\@tempa=\box47
\@tempa=\box48
\@tempa=\box49
\c@columnbadness=\count110
\c@finalcolumnbadness=\count111
\last@try=\dimen115
\multicolovershoot=\dimen116
\multicolundershoot=\dimen117
\mult@nat@firstbox=\box50
\colbreak@box=\box51
\mc@col@check@num=\count112
)
("C:\Users\Carmen\AppData\Local\Programs\MiKTeX 2.9\tex\latex\subfig\subfig.sty
"
Package: subfig 2005/06/28 ver: 1.3 subfig package

("C:\Users\Carmen\AppData\Local\Programs\MiKTeX 2.9\tex\latex\caption\caption.s
ty"
Package: caption 2018/10/06 v3.3-154 Customizing captions (AR)

("C:\Users\Carmen\AppData\Local\Programs\MiKTeX 2.9\tex\latex\caption\caption3.
sty"
Package: caption3 2018/09/12 v1.8c caption3 kernel (AR)
Package caption3 Info: TeX engine: e-TeX on input line 64.
\captionmargin=\dimen118
\captionmargin@=\dimen119
\captionwidth=\dimen120
\caption@tempdima=\dimen121
\caption@indent=\dimen122
\caption@parindent=\dimen123
\caption@hangindent=\dimen124
)
\c@caption@flags=\count113
\c@ContinuedFloat=\count114
Package caption Info: hyperref package is loaded.
)
\c@KVtest=\count115
\sf@farskip=\skip50
\sf@captopadj=\dimen125
\sf@capskip=\skip51
\sf@nearskip=\skip52
\c@subfigure=\count116
\c@subfigure@save=\count117
\c@lofdepth=\count118
\c@subtable=\count119
\c@subtable@save=\count120
\c@lotdepth=\count121
\sf@top=\skip53
\sf@bottom=\skip54
)
\sf@box=\box52

("C:\Users\Carmen\AppData\Local\Programs\MiKTeX 2.9\tex\latex\listings\listings
.sty"
\lst@mode=\count122
\lst@gtempboxa=\box53
\lst@token=\toks20
\lst@length=\count123
\lst@currlwidth=\dimen126
\lst@column=\count124
\lst@pos=\count125
\lst@lostspace=\dimen127
\lst@width=\dimen128
\lst@newlines=\count126
\lst@lineno=\count127
\lst@maxwidth=\dimen129

("C:\Users\Carmen\AppData\Local\Programs\MiKTeX 2.9\tex\latex\listings\lstmisc.
sty"
File: lstmisc.sty 2018/09/02 1.7 (Carsten Heinz)
\c@lstnumber=\count128
\lst@skipnumbers=\count129
\lst@framebox=\box54
)
("C:\Users\Carmen\AppData\Local\Programs\MiKTeX 2.9\tex\latex\listings\listings
.cfg"
File: listings.cfg 2018/09/02 1.7 listings configuration
))
Package: listings 2018/09/02 1.7 (Carsten Heinz)

("C:\Users\Carmen\AppData\Local\Programs\MiKTeX 2.9\tex\latex\tools\tabularx.st
y"
Package: tabularx 2016/02/03 v2.11b `tabularx' package (DPC)
 ("C:\Users\Carmen\AppData\Local\Programs\MiKTeX 2.9\tex\latex\tools\array.sty"
Package: array 2018/04/30 v2.4h Tabular extension package (FMi)
\col@sep=\dimen130
\ar@mcellbox=\box55
\extrarowheight=\dimen131
\NC@list=\toks21
\extratabsurround=\skip55
\backup@length=\skip56
\ar@cellbox=\box56
)
\TX@col@width=\dimen132
\TX@old@table=\dimen133
\TX@old@col=\dimen134
\TX@target=\dimen135
\TX@delta=\dimen136
\TX@cols=\count130
\TX@ftn=\toks22
)
("C:\Users\Carmen\AppData\Local\Programs\MiKTeX 2.9\tex\latex\base\fontenc.sty"
Package: fontenc 2017/04/05 v2.0i Standard LaTeX package
("C:\Users\Carmen\AppData\Local\Programs\MiKTeX 2.9\tex\latex\base\t1enc.def"
File: t1enc.def 2017/04/05 v2.0i Standard LaTeX file
LaTeX Font Info:    Redeclaring font encoding T1 on input line 48.
))
("C:\Users\Carmen\AppData\Local\Programs\MiKTeX 2.9\tex\latex\graphics\epsfig.s
ty"
Package: epsfig 2017/06/25 v1.7b (e)psfig emulation (SPQR)

("C:\Users\Carmen\AppData\Local\Programs\MiKTeX 2.9\tex\latex\graphics\graphicx
.sty"
Package: graphicx 2017/06/01 v1.1a Enhanced LaTeX Graphics (DPC,SPQR)

("C:\Users\Carmen\AppData\Local\Programs\MiKTeX 2.9\tex\latex\graphics\graphics
.sty"
Package: graphics 2017/06/25 v1.2c Standard LaTeX Graphics (DPC,SPQR)

("C:\Users\Carmen\AppData\Local\Programs\MiKTeX 2.9\tex\latex\graphics\trig.sty
"
Package: trig 2016/01/03 v1.10 sin cos tan (DPC)
)
("C:\Users\Carmen\AppData\Local\Programs\MiKTeX 2.9\tex\latex\graphics-cfg\grap
hics.cfg"
File: graphics.cfg 2016/06/04 v1.11 sample graphics configuration
)
Package graphics Info: Driver file: pdftex.def on input line 99.

("C:\Users\Carmen\AppData\Local\Programs\MiKTeX 2.9\tex\latex\graphics-def\pdft
ex.def"
File: pdftex.def 2018/01/08 v1.0l Graphics/color driver for pdftex
))
\Gin@req@height=\dimen137
\Gin@req@width=\dimen138
)
\epsfxsize=\dimen139
\epsfysize=\dimen140
)
("C:\Users\Carmen\AppData\Local\Programs\MiKTeX 2.9\tex\latex\tools\calc.sty"
Package: calc 2017/05/25 v4.3 Infix arithmetic (KKT,FJ)
\calc@Acount=\count131
\calc@Bcount=\count132
\calc@Adimen=\dimen141
\calc@Bdimen=\dimen142
\calc@Askip=\skip57
\calc@Bskip=\skip58
LaTeX Info: Redefining \setlength on input line 80.
LaTeX Info: Redefining \addtolength on input line 81.
\calc@Ccount=\count133
\calc@Cskip=\skip59
)
("C:\Users\Carmen\AppData\Local\Programs\MiKTeX 2.9\tex\latex\titlesec\titlesec
.sty"
Package: titlesec 2016/03/21 v2.10.2 Sectioning titles
\ttl@box=\box57
\beforetitleunit=\skip60
\aftertitleunit=\skip61
\ttl@plus=\dimen143
\ttl@minus=\dimen144
\ttl@toksa=\toks23
\titlewidth=\dimen145
\titlewidthlast=\dimen146
\titlewidthfirst=\dimen147
)
("C:\Users\Carmen\AppData\Local\Programs\MiKTeX 2.9\tex\latex\pdfpages\pdfpages
.sty"
Package: pdfpages 2017/10/31 v0.5l Insert pages of external PDF documents (AM)

("C:\Users\Carmen\AppData\Local\Programs\MiKTeX 2.9\tex\latex\base\ifthen.sty"
Package: ifthen 2014/09/29 v1.1c Standard LaTeX ifthen package (DPC)
)
("C:\Users\Carmen\AppData\Local\Programs\MiKTeX 2.9\tex\latex\eso-pic\eso-pic.s
ty"
Package: eso-pic 2018/04/12 v2.0h eso-pic (RN)

("C:\Users\Carmen\AppData\Local\Programs\MiKTeX 2.9\tex\latex\xcolor\xcolor.sty
"
Package: xcolor 2016/05/11 v2.12 LaTeX color extensions (UK)

("C:\Users\Carmen\AppData\Local\Programs\MiKTeX 2.9\tex\latex\graphics-cfg\colo
r.cfg"
File: color.cfg 2016/01/02 v1.6 sample color configuration
)
Package xcolor Info: Driver file: pdftex.def on input line 225.
Package xcolor Info: Model `cmy' substituted by `cmy0' on input line 1348.
Package xcolor Info: Model `hsb' substituted by `rgb' on input line 1352.
Package xcolor Info: Model `RGB' extended on input line 1364.
Package xcolor Info: Model `HTML' substituted by `rgb' on input line 1366.
Package xcolor Info: Model `Hsb' substituted by `hsb' on input line 1367.
Package xcolor Info: Model `tHsb' substituted by `hsb' on input line 1368.
Package xcolor Info: Model `HSB' substituted by `hsb' on input line 1369.
Package xcolor Info: Model `Gray' substituted by `gray' on input line 1370.
Package xcolor Info: Model `wave' substituted by `hsb' on input line 1371.
))
\AM@pagewidth=\dimen148
\AM@pageheight=\dimen149

("C:\Users\Carmen\AppData\Local\Programs\MiKTeX 2.9\tex\latex\pdfpages\pppdftex
.def"
File: pppdftex.def 2017/10/31 v0.5l Pdfpages driver for pdfTeX (AM)
)
\AM@pagebox=\box58
\AM@global@opts=\toks24
\AM@toc@title=\toks25
\c@AM@survey=\count134
\AM@templatesizebox=\box59
))
\@input{TeXiS/TeXiS_cab.aux}
\openout2 = `TeXiS/TeXiS_cab.aux'.

(TeXiS/TeXiS_cab.tex
("C:\Users\Carmen\AppData\Local\Programs\MiKTeX 2.9\tex\latex\fancyhdr\fancyhdr
.sty"
Package: fancyhdr 2017/06/30 v3.9a Extensive control of page headers and footer
s
\f@nch@headwidth=\skip62
\f@nch@O@elh=\skip63
\f@nch@O@erh=\skip64
\f@nch@O@olh=\skip65
\f@nch@O@orh=\skip66
\f@nch@O@elf=\skip67
\f@nch@O@erf=\skip68
\f@nch@O@olf=\skip69
\f@nch@O@orf=\skip70
))
\@input{TeXiS/TeXiS_cover.aux}
\openout2 = `TeXiS/TeXiS_cover.aux'.

(TeXiS/TeXiS_cover.tex)
\@input{TeXiS/TeXiS_dedic.aux}
\openout2 = `TeXiS/TeXiS_dedic.aux'.

(TeXiS/TeXiS_dedic.tex)
\@input{TeXiS/TeXiS_bib.aux}
\openout2 = `TeXiS/TeXiS_bib.aux'.

(TeXiS/TeXiS_bib.tex))
("C:\Users\Carmen\AppData\Local\Programs\MiKTeX 2.9\tex\latex\float\float.sty"
Package: float 2001/11/08 v1.3d Float enhancements (AL)
\c@float@type=\count135
\float@exts=\toks26
\float@box=\box60
\@float@everytoks=\toks27
\@floatcapt=\box61
)
\@input{constantes.aux}
\openout2 = `constantes.aux'.

(constantes.tex)
Copyright Marco Antonio and Pedro Pablo Gomez Martin
(Tesis.aux (Cascaras/cover.aux)
LaTeX Info: Redefining \. on input line 25.
LaTeX Info: Redefining \% on input line 25.
 (Cascaras/agradecimientos.aux)
(Cascaras/resumen.aux) (Cascaras/summary.aux) (TeXiS/TeXiS_toc.aux)
(Capitulos/01Capitulo1.aux) (Capitulos/02Capitulo2.aux)
(Capitulos/03Capitulo3.aux) (Capitulos/04Capitulo4.aux)
(Capitulos/05Capitulo5.aux) (Capitulos/06Capitulo6.aux)
(Capitulos/07Capitulo7.aux) (Cascaras/bibliografia.aux) (Cascaras/fin.aux))
\openout1 = `Tesis.aux'.

LaTeX Font Info:    Checking defaults for OML/cmm/m/it on input line 140.
LaTeX Font Info:    ... okay on input line 140.
LaTeX Font Info:    Checking defaults for T1/cmr/m/n on input line 140.
LaTeX Font Info:    ... okay on input line 140.
LaTeX Font Info:    Checking defaults for OT1/cmr/m/n on input line 140.
LaTeX Font Info:    ... okay on input line 140.
LaTeX Font Info:    Checking defaults for OMS/cmsy/m/n on input line 140.
LaTeX Font Info:    ... okay on input line 140.
LaTeX Font Info:    Checking defaults for OMX/cmex/m/n on input line 140.
LaTeX Font Info:    ... okay on input line 140.
LaTeX Font Info:    Checking defaults for U/cmr/m/n on input line 140.
LaTeX Font Info:    ... okay on input line 140.
LaTeX Font Info:    Checking defaults for PD1/pdf/m/n on input line 140.
LaTeX Font Info:    ... okay on input line 140.
LaTeX Info: Redefining \. on input line 140.
LaTeX Info: Redefining \% on input line 140.
\AtBeginShipoutBox=\box62
Package hyperref Info: Link coloring OFF on input line 140.

("C:\Users\Carmen\AppData\Local\Programs\MiKTeX 2.9\tex\latex\hyperref\nameref.
sty"
Package: nameref 2016/05/21 v2.44 Cross-referencing by name of section

("C:\Users\Carmen\AppData\Local\Programs\MiKTeX 2.9\tex\generic\oberdiek\gettit
lestring.sty"
Package: gettitlestring 2016/05/16 v1.5 Cleanup title references (HO)
)
\c@section@level=\count136
)
LaTeX Info: Redefining \ref on input line 140.
LaTeX Info: Redefining \pageref on input line 140.
LaTeX Info: Redefining \nameref on input line 140.
 (Tesis.out) (Tesis.out)
\@outlinefile=\write5
\openout5 = `Tesis.out'.

Package caption Info: Begin \AtBeginDocument code.
Package caption Info: subfig package v1.3 is loaded.
Package caption Info: float package is loaded.
Package caption Info: listings package is loaded.
Package caption Info: End \AtBeginDocument code.
\c@lstlisting=\count137

("C:\Users\Carmen\AppData\Local\Programs\MiKTeX 2.9\tex\context\base\supp-pdf.m
kii"
[Loading MPS to PDF converter (version 2006.09.02).]
\scratchcounter=\count138
\scratchdimen=\dimen150
\scratchbox=\box63
\nofMPsegments=\count139
\nofMParguments=\count140
\everyMPshowfont=\toks28
\MPscratchCnt=\count141
\MPscratchDim=\dimen151
\MPnumerator=\count142
\makeMPintoPDFobject=\count143
\everyMPtoPDFconversion=\toks29
)
("C:\Users\Carmen\AppData\Local\Programs\MiKTeX 2.9\tex\latex\oberdiek\epstopdf
-base.sty"
Package: epstopdf-base 2016/05/15 v2.6 Base part for package epstopdf

("C:\Users\Carmen\AppData\Local\Programs\MiKTeX 2.9\tex\latex\oberdiek\grfext.s
ty"
Package: grfext 2016/05/16 v1.2 Manage graphics extensions (HO)
)
Package epstopdf-base Info: Redefining graphics rule for `.eps' on input line 4
38.
Package grfext Info: Graphics extension search list:
(grfext)             [.pdf,.png,.jpg,.mps,.jpeg,.jbig2,.jb2,.PDF,.PNG,.JPG,.JPE
G,.JBIG2,.JB2,.eps]
(grfext)             \AppendGraphicsExtensions on input line 456.
)
("C:\Users\Carmen\AppData\Local\Programs\MiKTeX 2.9\tex\latex\oberdiek\pdflscap
e.sty"
Package: pdflscape 2016/05/14 v0.11 Display of landscape pages in PDF (HO)

("C:\Users\Carmen\AppData\Local\Programs\MiKTeX 2.9\tex\latex\graphics\lscape.s
ty"
Package: lscape 2000/10/22 v3.01 Landscape Pages (DPC)
)
Package pdflscape Info: Auto-detected driver: pdftex on input line 81.
) (guionado.tex)
\openout2 = `Cascaras/cover.aux'.

 (Cascaras/cover.tex
\cambioIzquierdo=\skip71
\cambioDerecho=\skip72
\margenPortada=\skip73
\evensidemarginOriginal=\skip74
\oddsidemarginOriginal=\skip75
\longTitulo=\skip76
<Imagenes/Vectorial/escudoUCM.pdf, id=167, 597.23125pt x 844.15375pt>
File: Imagenes/Vectorial/escudoUCM.pdf Graphic file (type pdf)
<use Imagenes/Vectorial/escudoUCM.pdf>
Package pdftex.def Info: Imagenes/Vectorial/escudoUCM.pdf  used on input line 1
57.
(pdftex.def)             Requested size: 119.44412pt x 168.82776pt.
 [1

















{C:/Users/Carmen/AppData/Local/MiKTeX/2.9/pdftex/config/pdftex.map} <./Imagenes
/Vectorial/escudoUCM.pdf>] [2]

! LaTeX Error: There's no line here to end.

See the LaTeX manual or LaTeX Companion for explanation.
Type  H <return>  for immediate help.
 ...                                              
                                                  
l.157 \makeCover
                
? 
[3]) [4]
\openout2 = `Cascaras/agradecimientos.aux'.

 (Cascaras/agradecimientos.tex) [5



]
\openout2 = `Cascaras/resumen.aux'.

 (Cascaras/resumen.tex [6



]) [7]
\openout2 = `Cascaras/summary.aux'.


(Cascaras/summary.tex [8



]) [9]
\openout2 = `TeXiS/TeXiS_toc.aux'.

 (TeXiS/TeXiS_toc.tex [10



] (Tesis.toc
LaTeX Info: Redefining \. on input line 1.
LaTeX Info: Redefining \% on input line 1.
LaTeX Font Info:    External font `cmex10' loaded for size
(Font)              <10.95> on input line 3.
LaTeX Font Info:    External font `cmex10' loaded for size
(Font)              <8> on input line 3.
LaTeX Font Info:    External font `cmex10' loaded for size
(Font)              <6> on input line 3.
 [11])
\tf@toc=\write6
\openout6 = `Tesis.toc'.


[12] (Tesis.lof
LaTeX Info: Redefining \. on input line 1.
LaTeX Info: Redefining \% on input line 1.

Underfull \vbox (badness 2368) has occurred while \output is active []

 [13

])
\tf@lof=\write7
\openout7 = `Tesis.lof'.


[14] (Tesis.lot
LaTeX Info: Redefining \. on input line 1.
LaTeX Info: Redefining \% on input line 1.
)
\tf@lot=\write8
\openout8 = `Tesis.lot'.

 [15

]) [16


]
\openout2 = `Capitulos/01Capitulo1.aux'.

 (Capitulos/01Capitulo1.tex
Cap\'itulo 1.
<Imagenes/Bitmap/Capitulo1/JUGUETES.jpg, id=389, 560.0925pt x 368.87813pt>
File: Imagenes/Bitmap/Capitulo1/JUGUETES.jpg Graphic file (type jpg)
<use Imagenes/Bitmap/Capitulo1/JUGUETES.jpg>
Package pdftex.def Info: Imagenes/Bitmap/Capitulo1/JUGUETES.jpg  used on input 
line 22.
(pdftex.def)             Requested size: 360.0pt x 237.10559pt.

LaTeX Warning: `h' float specifier changed to `ht'.

[1


]
Underfull \vbox (badness 10000) has occurred while \output is active []

LaTeX Info: Redefining \. on input line 40.
LaTeX Info: Redefining \% on input line 40.
 [2 <./Imagenes/Bitmap/Capitulo1/JUGUETES.jpg>]
LaTeX Info: Redefining \. on input line 64.
LaTeX Info: Redefining \% on input line 64.
 [3])
LaTeX Info: Redefining \. on input line 174.
LaTeX Info: Redefining \% on input line 174.
 [4]
\openout2 = `Capitulos/02Capitulo2.aux'.

 (Capitulos/02Capitulo2.tex
Cap\'itulo 2.
) [5



]
\openout2 = `Capitulos/03Capitulo3.aux'.

 (Capitulos/03Capitulo3.tex [6



]
Cap\'itulo 3.

LaTeX Warning: Reference `cap3:sec:saacs' on page 7 undefined on input line 10.


LaTeX Font Info:    External font `cmex10' loaded for size
(Font)              <9> on input line 19.
LaTeX Font Info:    External font `cmex10' loaded for size
(Font)              <5> on input line 19.
LaTeX Font Info:    Try loading font information for T1+cmtt on input line 19.
("C:\Users\Carmen\AppData\Local\Programs\MiKTeX 2.9\tex\latex\base\t1cmtt.fd"
File: t1cmtt.fd 2014/09/29 v2.5h Standard LaTeX font definitions
)
Underfull \hbox (badness 10000) in paragraph at lines 19--19
[][][][]$\T1/cmtt/m/n/9 http : / / www . logopeda-[]madrid . es / tratamientos-
[]logopedia /
 []

[7]
Underfull \hbox (badness 10000) in paragraph at lines 30--30
[][][][]$\T1/cmtt/m/n/9 http : / / www . ponceleon . org / logopedia / index . 
php ? option = com _ content & view =
 []

<Imagenes/Bitmap/Capitulo3/cepillodientes.png, id=441, 150.5625pt x 150.5625pt>

File: Imagenes/Bitmap/Capitulo3/cepillodientes.png Graphic file (type png)
<use Imagenes/Bitmap/Capitulo3/cepillodientes.png>
Package pdftex.def Info: Imagenes/Bitmap/Capitulo3/cepillodientes.png  used on 
input line 40.
(pdftex.def)             Requested size: 125.46921pt x 125.47455pt.
<Imagenes/Bitmap/Capitulo3/lavardientes.png, id=442, 150.5625pt x 150.5625pt>
File: Imagenes/Bitmap/Capitulo3/lavardientes.png Graphic file (type png)
<use Imagenes/Bitmap/Capitulo3/lavardientes.png>
Package pdftex.def Info: Imagenes/Bitmap/Capitulo3/lavardientes.png  used on in
put line 41.
(pdftex.def)             Requested size: 125.46921pt x 125.47455pt.

LaTeX Warning: `h' float specifier changed to `ht'.


LaTeX Warning: `h' float specifier changed to `ht'.

LaTeX Info: Redefining \. on input line 44.
LaTeX Info: Redefining \% on input line 44.
[8]
<Imagenes/Bitmap/Capitulo3/avion.png, id=453, 150.5625pt x 150.5625pt>
File: Imagenes/Bitmap/Capitulo3/avion.png Graphic file (type png)
<use Imagenes/Bitmap/Capitulo3/avion.png>
Package pdftex.def Info: Imagenes/Bitmap/Capitulo3/avion.png  used on input lin
e 45.
(pdftex.def)             Requested size: 125.46921pt x 125.47455pt.


LaTeX Warning: `h' float specifier changed to `ht'.

LaTeX Info: Redefining \. on input line 59.
LaTeX Info: Redefining \% on input line 59.
[9 <./Imagenes/Bitmap/Capitulo3/cepillodientes.png> <./Imagenes/Bitmap/Capitulo
3/lavardientes.png>]
<Imagenes/Bitmap/Capitulo3/SPCcolores.png, id=466, 307.1475pt x 291.0875pt>
File: Imagenes/Bitmap/Capitulo3/SPCcolores.png Graphic file (type png)
<use Imagenes/Bitmap/Capitulo3/SPCcolores.png>
Package pdftex.def Info: Imagenes/Bitmap/Capitulo3/SPCcolores.png  used on inpu
t line 67.
(pdftex.def)             Requested size: 323.9978pt x 307.07664pt.


LaTeX Warning: `h' float specifier changed to `ht'.

LaTeX Info: Redefining \. on input line 73.
LaTeX Info: Redefining \% on input line 73.
[10 <./Imagenes/Bitmap/Capitulo3/avion.png>]
<Imagenes/Bitmap/Capitulo3/bliss.png, id=481, 263.48438pt x 132.495pt>
File: Imagenes/Bitmap/Capitulo3/bliss.png Graphic file (type png)
<use Imagenes/Bitmap/Capitulo3/bliss.png>
Package pdftex.def Info: Imagenes/Bitmap/Capitulo3/bliss.png  used on input lin
e 74.
(pdftex.def)             Requested size: 323.9978pt x 162.93349pt.


LaTeX Warning: `h' float specifier changed to `ht'.


Underfull \vbox (badness 10000) has occurred while \output is active []

LaTeX Info: Redefining \. on input line 82.
LaTeX Info: Redefining \% on input line 82.
 [11 <./Imagenes/Bitmap/Capitulo3/SPCcolores.png>]
<Imagenes/Bitmap/Capitulo3/sclera.png, id=490, 338.76563pt x 132.495pt>
File: Imagenes/Bitmap/Capitulo3/sclera.png Graphic file (type png)
<use Imagenes/Bitmap/Capitulo3/sclera.png>
Package pdftex.def Info: Imagenes/Bitmap/Capitulo3/sclera.png  used on input li
ne 83.
(pdftex.def)             Requested size: 323.9978pt x 126.72267pt.

Underfull \vbox (badness 10000) has occurred while \output is active []

LaTeX Info: Redefining \. on input line 91.
LaTeX Info: Redefining \% on input line 91.
 [12 <./Imagenes/Bitmap/Capitulo3/bliss.png> <./Imagenes/Bitmap/Capitulo3/scler
a.png>]
<Imagenes/Bitmap/Capitulo3/mulberry.png, id=503, 376.40625pt x 51.19125pt>
File: Imagenes/Bitmap/Capitulo3/mulberry.png Graphic file (type png)
<use Imagenes/Bitmap/Capitulo3/mulberry.png>
Package pdftex.def Info: Imagenes/Bitmap/Capitulo3/mulberry.png  used on input 
line 92.
(pdftex.def)             Requested size: 323.9978pt x 44.06656pt.
<Imagenes/Bitmap/Capitulo3/distintoHola.png, id=509, 361.35pt x 120.45pt>
File: Imagenes/Bitmap/Capitulo3/distintoHola.png Graphic file (type png)
<use Imagenes/Bitmap/Capitulo3/distintoHola.png>
Package pdftex.def Info: Imagenes/Bitmap/Capitulo3/distintoHola.png  used on in
put line 103.
(pdftex.def)             Requested size: 323.9978pt x 107.99963pt.


LaTeX Warning: `h' float specifier changed to `ht'.

LaTeX Info: Redefining \. on input line 106.
LaTeX Info: Redefining \% on input line 106.
[13 <./Imagenes/Bitmap/Capitulo3/mulberry.png>]
<Imagenes/Bitmap/Capitulo3/nina.png, id=521, 481.8pt x 225.84375pt>
File: Imagenes/Bitmap/Capitulo3/nina.png Graphic file (type png)
<use Imagenes/Bitmap/Capitulo3/nina.png>
Package pdftex.def Info: Imagenes/Bitmap/Capitulo3/nina.png  used on input line
 107.
(pdftex.def)             Requested size: 323.9978pt x 151.87622pt.
<Imagenes/Bitmap/Capitulo3/nino.png, id=522, 489.32813pt x 225.84375pt>
File: Imagenes/Bitmap/Capitulo3/nino.png Graphic file (type png)
<use Imagenes/Bitmap/Capitulo3/nino.png>
Package pdftex.def Info: Imagenes/Bitmap/Capitulo3/nino.png  used on input line
 108.
(pdftex.def)             Requested size: 323.9978pt x 149.53978pt.


LaTeX Warning: `h' float specifier changed to `ht'.

<Imagenes/Bitmap/Capitulo3/preposiciones.png, id=524, 326.72063pt x 168.63pt>
File: Imagenes/Bitmap/Capitulo3/preposiciones.png Graphic file (type png)
<use Imagenes/Bitmap/Capitulo3/preposiciones.png>
Package pdftex.def Info: Imagenes/Bitmap/Capitulo3/preposiciones.png  used on i
nput line 112.
(pdftex.def)             Requested size: 323.9978pt x 167.22467pt.

LaTeX Warning: `h' float specifier changed to `ht'.

LaTeX Info: Redefining \. on input line 123.
LaTeX Info: Redefining \% on input line 123.
[14 <./Imagenes/Bitmap/Capitulo3/distintoHola.png> <./Imagenes/Bitmap/Capitulo3
/nina.png>]
<Imagenes/Bitmap/Capitulo3/horario.png, id=536, 793.46437pt x 439.6425pt>
File: Imagenes/Bitmap/Capitulo3/horario.png Graphic file (type png)
<use Imagenes/Bitmap/Capitulo3/horario.png>
Package pdftex.def Info: Imagenes/Bitmap/Capitulo3/horario.png  used on input l
ine 130.
(pdftex.def)             Requested size: 323.9978pt x 179.52336pt.


LaTeX Warning: `h' float specifier changed to `ht'.

<Imagenes/Bitmap/Capitulo3/secuencias.png, id=538, 453.94594pt x 251.43938pt>
File: Imagenes/Bitmap/Capitulo3/secuencias.png Graphic file (type png)
<use Imagenes/Bitmap/Capitulo3/secuencias.png>
Package pdftex.def Info: Imagenes/Bitmap/Capitulo3/secuencias.png  used on inpu
t line 132.
(pdftex.def)             Requested size: 323.9978pt x 179.46318pt.
LaTeX Info: Redefining \. on input line 133.
LaTeX Info: Redefining \% on input line 133.
[15 <./Imagenes/Bitmap/Capitulo3/nino.png> <./Imagenes/Bitmap/Capitulo3/preposi
ciones.png>]
<Imagenes/Bitmap/Capitulo3/normas.png, id=547, 472.01344pt x 360.59718pt>
File: Imagenes/Bitmap/Capitulo3/normas.png Graphic file (type png)
<use Imagenes/Bitmap/Capitulo3/normas.png>
Package pdftex.def Info: Imagenes/Bitmap/Capitulo3/normas.png  used on input li
ne 134.
(pdftex.def)             Requested size: 323.9978pt x 247.5248pt.


LaTeX Warning: `h' float specifier changed to `ht'.

LaTeX Info: Redefining \. on input line 143.
LaTeX Info: Redefining \% on input line 143.
[16 <./Imagenes/Bitmap/Capitulo3/horario.png> <./Imagenes/Bitmap/Capitulo3/secu
encias.png>]
<Imagenes/Bitmap/Capitulo3/seleccionpictoselector.png, id=557, 335.75438pt x 27
8.54062pt>
File: Imagenes/Bitmap/Capitulo3/seleccionpictoselector.png Graphic file (type p
ng)
<use Imagenes/Bitmap/Capitulo3/seleccionpictoselector.png>
Package pdftex.def Info: Imagenes/Bitmap/Capitulo3/seleccionpictoselector.png  
used on input line 151.
(pdftex.def)             Requested size: 360.0pt x 298.65604pt.


LaTeX Warning: `h' float specifier changed to `ht'.

LaTeX Info: Redefining \. on input line 154.
LaTeX Info: Redefining \% on input line 154.
[17 <./Imagenes/Bitmap/Capitulo3/normas.png>]
<Imagenes/Bitmap/Capitulo3/seleccionformato.png, id=565, 810.02625pt x 459.2156
2pt>
File: Imagenes/Bitmap/Capitulo3/seleccionformato.png Graphic file (type png)
<use Imagenes/Bitmap/Capitulo3/seleccionformato.png>
Package pdftex.def Info: Imagenes/Bitmap/Capitulo3/seleccionformato.png  used o
n input line 155.
(pdftex.def)             Requested size: 323.9978pt x 183.68298pt.


LaTeX Warning: `h' float specifier changed to `ht'.

<Imagenes/Bitmap/Capitulo3/picto-selector.png, id=567, 977.6525pt x 688.5725pt>

File: Imagenes/Bitmap/Capitulo3/picto-selector.png Graphic file (type png)
<use Imagenes/Bitmap/Capitulo3/picto-selector.png>
Package pdftex.def Info: Imagenes/Bitmap/Capitulo3/picto-selector.png  used on 
input line 159.
(pdftex.def)             Requested size: 323.9978pt x 228.19624pt.

LaTeX Warning: `h' float specifier changed to `ht'.


Underfull \vbox (badness 3492) has occurred while \output is active []

LaTeX Info: Redefining \. on input line 163.
LaTeX Info: Redefining \% on input line 163.
 [18 <./Imagenes/Bitmap/Capitulo3/seleccionpictoselector.png>]
<Imagenes/Bitmap/Capitulo3/tablero.png, id=576, 956.07187pt x 449.42906pt>
File: Imagenes/Bitmap/Capitulo3/tablero.png Graphic file (type png)
<use Imagenes/Bitmap/Capitulo3/tablero.png>
Package pdftex.def Info: Imagenes/Bitmap/Capitulo3/tablero.png  used on input l
ine 175.
(pdftex.def)             Requested size: 323.9978pt x 152.30324pt.


LaTeX Warning: `h' float specifier changed to `ht'.

<Imagenes/Bitmap/Capitulo3/calendario.png, id=578, 944.7797pt x 448.67625pt>
File: Imagenes/Bitmap/Capitulo3/calendario.png Graphic file (type png)
<use Imagenes/Bitmap/Capitulo3/calendario.png>
Package pdftex.def Info: Imagenes/Bitmap/Capitulo3/calendario.png  used on inpu
t line 177.
(pdftex.def)             Requested size: 323.9978pt x 153.86923pt.
LaTeX Info: Redefining \. on input line 178.
LaTeX Info: Redefining \% on input line 178.
[19 <./Imagenes/Bitmap/Capitulo3/seleccionformato.png>]

LaTeX Warning: `h' float specifier changed to `ht'.

<Imagenes/Bitmap/Capitulo3/horarioarasaac.png, id=586, 952.30782pt x 441.90094p
t>
File: Imagenes/Bitmap/Capitulo3/horarioarasaac.png Graphic file (type png)
<use Imagenes/Bitmap/Capitulo3/horarioarasaac.png>
Package pdftex.def Info: Imagenes/Bitmap/Capitulo3/horarioarasaac.png  used on 
input line 179.
(pdftex.def)             Requested size: 323.9978pt x 150.34547pt.

LaTeX Warning: `h' float specifier changed to `ht'.

<Imagenes/Bitmap/Capitulo3/configceldas.png, id=588, 667.74469pt x 118.94438pt>

File: Imagenes/Bitmap/Capitulo3/configceldas.png Graphic file (type png)
<use Imagenes/Bitmap/Capitulo3/configceldas.png>
Package pdftex.def Info: Imagenes/Bitmap/Capitulo3/configceldas.png  used on in
put line 184.
(pdftex.def)             Requested size: 323.9978pt x 57.71516pt.

LaTeX Warning: `h' float specifier changed to `ht'.

LaTeX Info: Redefining \. on input line 194.
LaTeX Info: Redefining \% on input line 194.
[20 <./Imagenes/Bitmap/Capitulo3/picto-selector.png>]
LaTeX Info: Redefining \. on input line 196.
LaTeX Info: Redefining \% on input line 196.
 [21 <./Imagenes/Bitmap/Capitulo3/tablero.png> <./Imagenes/Bitmap/Capitulo3/cal
endario.png>]
<Imagenes/Bitmap/Capitulo3/piktoplus.jpg, id=606, 1013.28563pt x 630.85687pt>
File: Imagenes/Bitmap/Capitulo3/piktoplus.jpg Graphic file (type jpg)
<use Imagenes/Bitmap/Capitulo3/piktoplus.jpg>
Package pdftex.def Info: Imagenes/Bitmap/Capitulo3/piktoplus.jpg  used on input
 line 197.
(pdftex.def)             Requested size: 323.9978pt x 201.71468pt.


LaTeX Warning: `h' float specifier changed to `ht'.

<Imagenes/Bitmap/Capitulo3/boardmaker.png, id=610, 832.61063pt x 641.39626pt>
File: Imagenes/Bitmap/Capitulo3/boardmaker.png Graphic file (type png)
<use Imagenes/Bitmap/Capitulo3/boardmaker.png>
Package pdftex.def Info: Imagenes/Bitmap/Capitulo3/boardmaker.png  used on inpu
t line 208.
(pdftex.def)             Requested size: 323.9978pt x 249.58568pt.

LaTeX Warning: `h' float specifier changed to `ht'.

LaTeX Info: Redefining \. on input line 211.
LaTeX Info: Redefining \% on input line 211.
[22 <./Imagenes/Bitmap/Capitulo3/horarioarasaac.png> <./Imagenes/Bitmap/Capitul
o3/configceldas.png>]
<Imagenes/Bitmap/Capitulo3/pictar.png, id=624, 1416.79312pt x 543.53062pt>
File: Imagenes/Bitmap/Capitulo3/pictar.png Graphic file (type png)
<use Imagenes/Bitmap/Capitulo3/pictar.png>
Package pdftex.def Info: Imagenes/Bitmap/Capitulo3/pictar.png  used on input li
ne 219.
(pdftex.def)             Requested size: 323.9978pt x 124.29616pt.


LaTeX Warning: `h' float specifier changed to `ht'.


Underfull \vbox (badness 10000) has occurred while \output is active []

LaTeX Info: Redefining \. on input line 228.
LaTeX Info: Redefining \% on input line 228.
 [23 <./Imagenes/Bitmap/Capitulo3/piktoplus.jpg>]
LaTeX Info: Redefining \. on input line 235.
LaTeX Info: Redefining \% on input line 235.
 [24 <./Imagenes/Bitmap/Capitulo3/boardmaker.png>])
LaTeX Info: Redefining \. on input line 176.
LaTeX Info: Redefining \% on input line 176.
 [25 <./Imagenes/Bitmap/Capitulo3/pictar.png>]
\openout2 = `Capitulos/04Capitulo4.aux'.


(Capitulos/04Capitulo4.tex [26



]
Cap\'itulo 4.
[27]
Underfull \vbox (badness 6252) has occurred while \output is active []

LaTeX Info: Redefining \. on input line 50.
LaTeX Info: Redefining \% on input line 50.
 [28]
LaTeX Info: Redefining \. on input line 70.
LaTeX Info: Redefining \% on input line 70.

[29]
<Imagenes/Bitmap/Capitulo4/firebase.png, id=678, 963.6pt x 413.29407pt>
File: Imagenes/Bitmap/Capitulo4/firebase.png Graphic file (type png)
<use Imagenes/Bitmap/Capitulo4/firebase.png>
Package pdftex.def Info: Imagenes/Bitmap/Capitulo4/firebase.png  used on input 
line 74.
(pdftex.def)             Requested size: 360.0pt x 154.4047pt.
LaTeX Info: Redefining \. on input line 86.
LaTeX Info: Redefining \% on input line 86.
 [30 <./Imagenes/Bitmap/Capitulo4/firebase.png>])
LaTeX Info: Redefining \. on input line 177.
LaTeX Info: Redefining \% on input line 177.
 [31]
\openout2 = `Capitulos/05Capitulo5.aux'.


(Capitulos/05Capitulo5.tex [32



]
Cap\'itulo 5.
[33]
<Imagenes/Bitmap/Capitulo5/plantillas.png, id=708, 669.2503pt x 476.53032pt>
File: Imagenes/Bitmap/Capitulo5/plantillas.png Graphic file (type png)
<use Imagenes/Bitmap/Capitulo5/plantillas.png>
Package pdftex.def Info: Imagenes/Bitmap/Capitulo5/plantillas.png  used on inpu
t line 41.
(pdftex.def)             Requested size: 323.9978pt x 230.70247pt.


LaTeX Warning: `h' float specifier changed to `ht'.

<Imagenes/Bitmap/Capitulo5/listados.png, id=710, 506.8536pt x 305.4612pt>
File: Imagenes/Bitmap/Capitulo5/listados.png Graphic file (type png)
<use Imagenes/Bitmap/Capitulo5/listados.png>
Package pdftex.def Info: Imagenes/Bitmap/Capitulo5/listados.png  used on input 
line 52.
(pdftex.def)             Requested size: 323.9978pt x 195.26144pt.

LaTeX Warning: `h' float specifier changed to `ht'.

LaTeX Info: Redefining \. on input line 55.
LaTeX Info: Redefining \% on input line 55.
[34]
<Imagenes/Bitmap/Capitulo5/plantilla.png, id=716, 473.1276pt x 342.078pt>
File: Imagenes/Bitmap/Capitulo5/plantilla.png Graphic file (type png)
<use Imagenes/Bitmap/Capitulo5/plantilla.png>
Package pdftex.def Info: Imagenes/Bitmap/Capitulo5/plantilla.png  used on input
 line 70.
(pdftex.def)             Requested size: 323.9978pt x 234.25415pt.


LaTeX Warning: `h' float specifier changed to `ht'.

LaTeX Info: Redefining \. on input line 74.
LaTeX Info: Redefining \% on input line 74.
[35 <./Imagenes/Bitmap/Capitulo5/plantillas.png>]
<Imagenes/Bitmap/Capitulo5/ajustesbien.png, id=721, 279.9258pt x 337.7418pt>
File: Imagenes/Bitmap/Capitulo5/ajustesbien.png Graphic file (type png)
<use Imagenes/Bitmap/Capitulo5/ajustesbien.png>
Package pdftex.def Info: Imagenes/Bitmap/Capitulo5/ajustesbien.png  used on inp
ut line 78.
(pdftex.def)             Requested size: 323.9978pt x 390.94075pt.


LaTeX Warning: `h' float specifier changed to `ht'.

LaTeX Info: Redefining \. on input line 87.
LaTeX Info: Redefining \% on input line 87.
[36 <./Imagenes/Bitmap/Capitulo5/listados.png>]
<Imagenes/Bitmap/Capitulo5/cambios.png, id=729, 572.89032pt x 535.2497pt>
File: Imagenes/Bitmap/Capitulo5/cambios.png Graphic file (type png)
<use Imagenes/Bitmap/Capitulo5/cambios.png>
Package pdftex.def Info: Imagenes/Bitmap/Capitulo5/cambios.png  used on input l
ine 90.
(pdftex.def)             Requested size: 323.9978pt x 302.71066pt.


LaTeX Warning: `h' float specifier changed to `ht'.

LaTeX Info: Redefining \. on input line 98.
LaTeX Info: Redefining \% on input line 98.
[37 <./Imagenes/Bitmap/Capitulo5/plantilla.png>]
LaTeX Font Info:    Try loading font information for OMS+cmr on input line 107.


("C:\Users\Carmen\AppData\Local\Programs\MiKTeX 2.9\tex\latex\base\omscmr.fd"
File: omscmr.fd 2014/09/29 v2.5h Standard LaTeX font definitions
)
LaTeX Font Info:    Font shape `OMS/cmr/m/n' in size <10.95> not available
(Font)              Font shape `OMS/cmsy/m/n' tried instead on input line 107.
LaTeX Info: Redefining \. on input line 116.
LaTeX Info: Redefining \% on input line 116.

[38]

LaTeX Warning: Reference `cap4:sec:listados' on page 39 undefined on input line
 123.


LaTeX Warning: Reference `cap4:sec:editor' on page 39 undefined on input line 1
23.

LaTeX Info: Redefining \. on input line 139.
LaTeX Info: Redefining \% on input line 139.
[39]
<Imagenes/Bitmap/Capitulo5/listaplantillasprivadas.png, id=747, 1431.84938pt x 
676.77844pt>
File: Imagenes/Bitmap/Capitulo5/listaplantillasprivadas.png Graphic file (type 
png)
<use Imagenes/Bitmap/Capitulo5/listaplantillasprivadas.png>
Package pdftex.def Info: Imagenes/Bitmap/Capitulo5/listaplantillasprivadas.png 
 used on input line 140.
(pdftex.def)             Requested size: 323.9978pt x 153.13603pt.


LaTeX Warning: `h' float specifier changed to `ht'.

<Imagenes/Bitmap/Capitulo5/opcionesplantillas.png, id=749, 720.44156pt x 121.95
563pt>
File: Imagenes/Bitmap/Capitulo5/opcionesplantillas.png Graphic file (type png)
<use Imagenes/Bitmap/Capitulo5/opcionesplantillas.png>
Package pdftex.def Info: Imagenes/Bitmap/Capitulo5/opcionesplantillas.png  used
 on input line 148.
(pdftex.def)             Requested size: 323.9978pt x 54.84601pt.

LaTeX Warning: `h' float specifier changed to `ht'.

<Imagenes/Bitmap/Capitulo5/opcionesplantillaspublicas.png, id=751, 719.68875pt 
x 84.315pt>
File: Imagenes/Bitmap/Capitulo5/opcionesplantillaspublicas.png Graphic file (ty
pe png)
<use Imagenes/Bitmap/Capitulo5/opcionesplantillaspublicas.png>
Package pdftex.def Info: Imagenes/Bitmap/Capitulo5/opcionesplantillaspublicas.p
ng  used on input line 150.
(pdftex.def)             Requested size: 323.9978pt x 37.9594pt.

LaTeX Warning: `h' float specifier changed to `ht'.

<Imagenes/Bitmap/Capitulo5/opcionestablerosprivados.png, id=753, 722.7pt x 124.
96687pt>
File: Imagenes/Bitmap/Capitulo5/opcionestablerosprivados.png Graphic file (type
 png)
<use Imagenes/Bitmap/Capitulo5/opcionestablerosprivados.png>
Package pdftex.def Info: Imagenes/Bitmap/Capitulo5/opcionestablerosprivados.png
  used on input line 152.
(pdftex.def)             Requested size: 323.9978pt x 56.02481pt.

LaTeX Warning: `h' float specifier changed to `ht'.

<Imagenes/Bitmap/Capitulo5/opcionestablerospublicos.png, id=755, 725.71124pt x 
40.65187pt>
File: Imagenes/Bitmap/Capitulo5/opcionestablerospublicos.png Graphic file (type
 png)
<use Imagenes/Bitmap/Capitulo5/opcionestablerospublicos.png>
Package pdftex.def Info: Imagenes/Bitmap/Capitulo5/opcionestablerospublicos.png
  used on input line 154.
(pdftex.def)             Requested size: 323.9978pt x 18.14925pt.

LaTeX Warning: `h' float specifier changed to `ht'.

LaTeX Info: Redefining \. on input line 165.
LaTeX Info: Redefining \% on input line 165.
[40]
<Imagenes/Bitmap/Capitulo5/plantillaFirebase.png, id=761, 462.97969pt x 191.967
2pt>
File: Imagenes/Bitmap/Capitulo5/plantillaFirebase.png Graphic file (type png)
<use Imagenes/Bitmap/Capitulo5/plantillaFirebase.png>
Package pdftex.def Info: Imagenes/Bitmap/Capitulo5/plantillaFirebase.png  used 
on input line 170.
(pdftex.def)             Requested size: 323.9978pt x 134.34096pt.


LaTeX Warning: `h' float specifier changed to `ht'.

<Imagenes/Bitmap/Capitulo5/editor.png, id=763, 1443.89438pt x 703.87968pt>
File: Imagenes/Bitmap/Capitulo5/editor.png Graphic file (type png)
<use Imagenes/Bitmap/Capitulo5/editor.png>
Package pdftex.def Info: Imagenes/Bitmap/Capitulo5/editor.png  used on input li
ne 179.
(pdftex.def)             Requested size: 323.9978pt x 157.93648pt.

LaTeX Warning: `h' float specifier changed to `ht'.

<Imagenes/Bitmap/Capitulo5/inputtitulo.png, id=765, 469.00218pt x 79.79813pt>
File: Imagenes/Bitmap/Capitulo5/inputtitulo.png Graphic file (type png)
<use Imagenes/Bitmap/Capitulo5/inputtitulo.png>
Package pdftex.def Info: Imagenes/Bitmap/Capitulo5/inputtitulo.png  used on inp
ut line 185.
(pdftex.def)             Requested size: 323.9978pt x 55.1265pt.

LaTeX Warning: `h' float specifier changed to `ht'.

LaTeX Info: Redefining \. on input line 190.
LaTeX Info: Redefining \% on input line 190.
[41]
<Imagenes/Bitmap/Capitulo5/menuinicial.png, id=772, 430.60875pt x 566.115pt>
File: Imagenes/Bitmap/Capitulo5/menuinicial.png Graphic file (type png)
<use Imagenes/Bitmap/Capitulo5/menuinicial.png>
Package pdftex.def Info: Imagenes/Bitmap/Capitulo5/menuinicial.png  used on inp
ut line 191.
(pdftex.def)             Requested size: 323.9978pt x 425.96732pt.


LaTeX Warning: `h' float specifier changed to `ht'.

<Imagenes/Bitmap/Capitulo5/editorfondo.png, id=774, 364.36125pt x 174.6525pt>
File: Imagenes/Bitmap/Capitulo5/editorfondo.png Graphic file (type png)
<use Imagenes/Bitmap/Capitulo5/editorfondo.png>
Package pdftex.def Info: Imagenes/Bitmap/Capitulo5/editorfondo.png  used on inp
ut line 195.
(pdftex.def)             Requested size: 323.9978pt x 155.30965pt.

LaTeX Warning: `h' float specifier changed to `ht'.

<Imagenes/Bitmap/Capitulo5/editoresareaypicto.png, id=777, 855.94781pt x 329.73
187pt>
File: Imagenes/Bitmap/Capitulo5/editoresareaypicto.png Graphic file (type png)
<use Imagenes/Bitmap/Capitulo5/editoresareaypicto.png>
Package pdftex.def Info: Imagenes/Bitmap/Capitulo5/editoresareaypicto.png  used
 on input line 199.
(pdftex.def)             Requested size: 323.9978pt x 124.81137pt.

LaTeX Warning: `h' float specifier changed to `ht'.

<Imagenes/Bitmap/Capitulo5/elementoseleccionado.png, id=778, 351.56343pt x 196.
48407pt>
File: Imagenes/Bitmap/Capitulo5/elementoseleccionado.png Graphic file (type png
)
<use Imagenes/Bitmap/Capitulo5/elementoseleccionado.png>
Package pdftex.def Info: Imagenes/Bitmap/Capitulo5/elementoseleccionado.png  us
ed on input line 201.
(pdftex.def)             Requested size: 323.9978pt x 181.07632pt.

LaTeX Warning: `h' float specifier changed to `ht'.

<Imagenes/Bitmap/Capitulo5/editortexto.png, id=780, 295.85532pt x 182.93344pt>
File: Imagenes/Bitmap/Capitulo5/editortexto.png Graphic file (type png)
<use Imagenes/Bitmap/Capitulo5/editortexto.png>
Package pdftex.def Info: Imagenes/Bitmap/Capitulo5/editortexto.png  used on inp
ut line 205.
(pdftex.def)             Requested size: 323.9978pt x 200.33975pt.

LaTeX Warning: `h' float specifier changed to `ht'.

<Imagenes/Bitmap/Capitulo5/opcionesarea.png, id=782, 286.06876pt x 183.68625pt>

File: Imagenes/Bitmap/Capitulo5/opcionesarea.png Graphic file (type png)
<use Imagenes/Bitmap/Capitulo5/opcionesarea.png>
Package pdftex.def Info: Imagenes/Bitmap/Capitulo5/opcionesarea.png  used on in
put line 209.
(pdftex.def)             Requested size: 323.9978pt x 208.0423pt.

Underfull \vbox (badness 10000) has occurred while \output is active []

LaTeX Info: Redefining \. on input line 209.
LaTeX Info: Redefining \% on input line 209.
 [42]

LaTeX Warning: `h' float specifier changed to `ht'.

LaTeX Info: Redefining \. on input line 237.
LaTeX Info: Redefining \% on input line 237.
[43])
LaTeX Info: Redefining \. on input line 179.
LaTeX Info: Redefining \% on input line 179.
 [44]
LaTeX Info: Redefining \. on input line 179.
LaTeX Info: Redefining \% on input line 179.
 [45 <./Imagenes/Bitmap/Capitulo5/ajustesbien.png>]
LaTeX Info: Redefining \. on input line 179.
LaTeX Info: Redefining \% on input line 179.
 [46 <./Imagenes/Bitmap/Capitulo5/cambios.png> <./Imagenes/Bitmap/Capitulo5/lis
taplantillasprivadas.png>]
LaTeX Info: Redefining \. on input line 179.
LaTeX Info: Redefining \% on input line 179.
 [47 <./Imagenes/Bitmap/Capitulo5/opcionesplantillas.png> <./Imagenes/Bitmap/Ca
pitulo5/opcionesplantillaspublicas.png> <./Imagenes/Bitmap/Capitulo5/opcionesta
blerosprivados.png> <./Imagenes/Bitmap/Capitulo5/opcionestablerospublicos.png> 
<./Imagenes/Bitmap/Capitulo5/plantillaFirebase.png>]
LaTeX Info: Redefining \. on input line 179.
LaTeX Info: Redefining \% on input line 179.
 [48 <./Imagenes/Bitmap/Capitulo5/editor.png> <./Imagenes/Bitmap/Capitulo5/inpu
ttitulo.png>]
LaTeX Info: Redefining \. on input line 179.
LaTeX Info: Redefining \% on input line 179.

[49 <./Imagenes/Bitmap/Capitulo5/menuinicial.png>]
LaTeX Info: Redefining \. on input line 179.
LaTeX Info: Redefining \% on input line 179.
 [50 <./Imagenes/Bitmap/Capitulo5/editorfondo.png> <./Imagenes/Bitmap/Capitulo5
/editoresareaypicto.png>]
LaTeX Info: Redefining \. on input line 179.
LaTeX Info: Redefining \% on input line 179.

[51 <./Imagenes/Bitmap/Capitulo5/elementoseleccionado.png> <./Imagenes/Bitmap/C
apitulo5/editortexto.png>]
LaTeX Info: Redefining \. on input line 179.
LaTeX Info: Redefining \% on input line 179.
 [52 <./Imagenes/Bitmap/Capitulo5/opcionesarea.png>]
\openout2 = `Capitulos/06Capitulo6.aux'.


(Capitulos/06Capitulo6.tex
Cap\'itulo 6.
[53



])
LaTeX Info: Redefining \. on input line 180.
LaTeX Info: Redefining \% on input line 180.
 [54]
\openout2 = `Capitulos/07Capitulo7.aux'.

 (Capitulos/07Capitulo7.tex
Cap\'itulo 7.
) [55



] [56


]
\openout2 = `Cascaras/bibliografia.aux'.

 (Cascaras/bibliografia.tex (Tesis.bbl
Underfull \hbox (badness 2165) in paragraph at lines 50--56
[]\T1/cmr/m/sc/10.95 Ventoso, M. R.  \T1/cmr/m/n/10.95 Pic-to-gra-mas: Una al-t
er-na-ti-va pa-ra com-pren-der
 []


Underfull \hbox (badness 2318) in paragraph at lines 50--56
\T1/cmr/m/n/10.95 el mun-do.  2017.  Dis-po-ni-ble en []$\T1/cmtt/m/n/10.95 htt
p : / / aetapi . org / download /
 []


Underfull \hbox (badness 10000) in paragraph at lines 50--56
\T1/cmtt/m/n/10.95 pictogramas-[]una-[]alternativa-[]para-[]comprender-[]el-[]m
undo / ?wpdmdl =
 []

)) [57


]
\openout2 = `Cascaras/fin.aux'.

 (Cascaras/fin.tex [58


])
Package atveryend Info: Empty hook `BeforeClearDocument' on input line 242.
Package atveryend Info: Empty hook `AfterLastShipout' on input line 242.
 (Tesis.aux (Cascaras/cover.aux)
LaTeX Info: Redefining \. on input line 25.
LaTeX Info: Redefining \% on input line 25.

(Cascaras/agradecimientos.aux) (Cascaras/resumen.aux) (Cascaras/summary.aux)
(TeXiS/TeXiS_toc.aux) (Capitulos/01Capitulo1.aux) (Capitulos/02Capitulo2.aux)
(Capitulos/03Capitulo3.aux) (Capitulos/04Capitulo4.aux)
(Capitulos/05Capitulo5.aux) (Capitulos/06Capitulo6.aux)
(Capitulos/07Capitulo7.aux) (Cascaras/bibliografia.aux) (Cascaras/fin.aux))
Package atveryend Info: Executing hook `AtVeryEndDocument' on input line 242.
Package atveryend Info: Executing hook `AtEndAfterFileList' on input line 242.


Package rerunfilecheck Warning: File `Tesis.out' has changed.
(rerunfilecheck)                Rerun to get outlines right
(rerunfilecheck)                or use package `bookmark'.

Package rerunfilecheck Info: Checksums for `Tesis.out':
(rerunfilecheck)             Before: 24AF0302DA0D50D385CBD0337F60FDF3;2633
(rerunfilecheck)             After:  C6303076A99B46A66ED61ADD2F055293;2826.

LaTeX Warning: There were undefined references.


LaTeX Warning: Label(s) may have changed. Rerun to get cross-references right.

Package atveryend Info: Empty hook `AtVeryVeryEnd' on input line 242.
 ) 
Here is how much of TeX's memory you used:
 12139 strings out of 492970
 189718 string characters out of 3126149
 301356 words of memory out of 3000000
 15215 multiletter control sequences out of 15000+200000
 22894 words of font info for 48 fonts, out of 3000000 for 9000
 1379 hyphenation exceptions out of 8191
 55i,12n,53p,1183b,680s stack positions out of 5000i,500n,10000p,200000b,50000s
 <C:\Users\Carmen\AppData\Local\MiKTeX\2.9\fonts\pk\ljfour\jknappen\ec\dpi600
\ectt1095.pk> <C:\Users\Carmen\AppData\Local\MiKTeX\2.9\fonts\pk\ljfour\jknappe
n\ec\dpi600\ectt0900.pk> <C:\Users\Carmen\AppData\Local\MiKTeX\2.9\fonts\pk\ljf
our\jknappen\ec\dpi600\ecrm0600.pk> <C:\Users\Carmen\AppData\Local\MiKTeX\2.9\f
onts\pk\ljfour\jknappen\ec\dpi600\ecrm0800.pk> <C:\Users\Carmen\AppData\Local\M
iKTeX\2.9\fonts\pk\ljfour\jknappen\ec\dpi600\ecbx1000.pk> <C:\Users\Carmen\AppD
ata\Local\MiKTeX\2.9\fonts\pk\ljfour\jknappen\ec\dpi600\ecti1095.pk> <C:\Users\
Carmen\AppData\Local\MiKTeX\2.9\fonts\pk\ljfour\jknappen\ec\dpi600\ecxc1000.pk>
 <C:\Users\Carmen\AppData\Local\MiKTeX\2.9\fonts\pk\ljfour\jknappen\ec\dpi600\e
cbx1095.pk> <C:\Users\Carmen\AppData\Local\MiKTeX\2.9\fonts\pk\ljfour\jknappen\
ec\dpi600\ecbx1440.pk> <C:\Users\Carmen\AppData\Local\MiKTeX\2.9\fonts\pk\ljfou
r\jknappen\ec\dpi600\eccc1095.pk> <C:\Users\Carmen\AppData\Local\MiKTeX\2.9\fon
ts\pk\ljfour\jknappen\ec\dpi600\ecrm1095.pk> <C:\Users\Carmen\AppData\Local\MiK
TeX\2.9\fonts\pk\ljfour\jknappen\ec\dpi600\ecbx2488.pk> <C:\Users\Carmen\AppDat
a\Local\MiKTeX\2.9\fonts\pk\ljfour\jknappen\ec\dpi600\ecti1200.pk> <C:\Users\Ca
rmen\AppData\Local\MiKTeX\2.9\fonts\pk\ljfour\jknappen\ec\dpi600\ecrm2488.pk> <
C:\Users\Carmen\AppData\Local\MiKTeX\2.9\fonts\pk\ljfour\jknappen\ec\dpi600\ecc
c1000.pk> <C:\Users\Carmen\AppData\Local\MiKTeX\2.9\fonts\pk\ljfour\jknappen\ec
\dpi600\ecrm1000.pk> <C:\Users\Carmen\AppData\Local\MiKTeX\2.9\fonts\pk\ljfour\
jknappen\ec\dpi600\ecbx1200.pk> <C:\Users\Carmen\AppData\Local\MiKTeX\2.9\fonts
\pk\ljfour\jknappen\ec\dpi600\ecbx2074.pk><C:/Users/Carmen/AppData/Local/Progra
ms/MiKTeX 2.9/fonts/type1/public/amsfonts/cm/cmsy10.pfb>
Output written on Tesis.pdf (74 pages, 8206087 bytes).
PDF statistics:
 1583 PDF objects out of 1728 (max. 8388607)
 202 named destinations out of 1000 (max. 500000)
 559 words of extra memory for PDF output out of 10000 (max. 10000000)

